outputs/mapping/release/seeds.txt
androidx.recyclerview.widget.RecyclerView: void clearOnChildAttachStateChangeListeners()
androidx.appcompat.view.ActionBarPolicy: int getEmbeddedMenuWidthLimit()
androidx.navigation.ui.AppBarConfigurationKt$AppBarConfiguration$1: AppBarConfigurationKt$AppBarConfiguration$1()
androidx.loader.content.Loader: boolean isReset()
androidx.appcompat.widget.ToolbarWidgetWrapper: void setDisplayOptions(int)
androidx.core.graphics.drawable.RoundedBitmapDrawable: float getCornerRadius()
androidx.appcompat.app.AppCompatDelegateImpl: androidx.appcompat.app.AppCompatDelegateImpl$AutoNightModeManager getAutoBatteryNightModeManager(android.content.Context)
androidx.constraintlayout.solver.state.State$Chain: androidx.constraintlayout.solver.state.State$Chain[] values()
androidx.navigation.NavOptionsBuilder: void setLaunchSingleTop(boolean)
com.google.android.material.navigation.NavigationBarMenuView: int getSelectedItemPosition()
androidx.transition.TransitionSet: void setPropagation(androidx.transition.TransitionPropagation)
androidx.transition.Slide$CalculateSlideVertical: float getGoneX(android.view.ViewGroup,android.view.View)
androidx.constraintlayout.motion.widget.KeyCycle: float access$1300(androidx.constraintlayout.motion.widget.KeyCycle)
androidx.constraintlayout.motion.utils.HyperSpline: void getPos(double,float[])
androidx.constraintlayout.solver.state.ConstraintReference: void apply()
androidx.lifecycle.LifecycleCoroutineScope: kotlin.coroutines.CoroutineContext getCoroutineContext()
androidx.core.view.accessibility.AccessibilityRecordCompat: void setEnabled(boolean)
androidx.activity.result.ActivityResultCallerLauncher$resultContract$2: ActivityResultCallerLauncher$resultContract$2(androidx.activity.result.ActivityResultCallerLauncher)
androidx.core.view.ViewPropertyAnimatorCompat: androidx.core.view.ViewPropertyAnimatorCompat zBy(float)
androidx.appcompat.graphics.drawable.DrawerArrowDrawable: float getBarThickness()
androidx.activity.OnBackPressedDispatcherKt: androidx.activity.OnBackPressedCallback addCallback(androidx.activity.OnBackPressedDispatcher,androidx.lifecycle.LifecycleOwner,boolean,kotlin.jvm.functions.Function1)
androidx.core.provider.SelfDestructiveThread$2: SelfDestructiveThread$2(androidx.core.provider.SelfDestructiveThread,java.util.concurrent.Callable,android.os.Handler,androidx.core.provider.SelfDestructiveThread$ReplyCallback)
androidx.appcompat.app.AppCompatDelegateImpl: void setHandleNativeActionModesEnabled(boolean)
androidx.constraintlayout.solver.PriorityGoalRow$GoalVariableAccessor: boolean isNull()
androidx.appcompat.widget.ListPopupWindow: void show()
androidx.transition.ChangeBounds$5: void set(android.view.View,android.graphics.PointF)
androidx.navigation.R$styleable: R$styleable()
androidx.navigation.Navigator$navigate$1: androidx.navigation.NavBackStackEntry invoke(androidx.navigation.NavBackStackEntry)
androidx.appcompat.view.menu.ActionMenuItemView: ActionMenuItemView(android.content.Context)
com.google.android.material.chip.Chip: void setBackgroundTintMode(android.graphics.PorterDuff$Mode)
androidx.core.graphics.drawable.IconCompat: androidx.core.graphics.drawable.IconCompat createWithResource(android.content.res.Resources,java.lang.String,int)
androidx.recyclerview.widget.AdapterHelper: void applyUpdate(androidx.recyclerview.widget.AdapterHelper$UpdateOp)
androidx.fragment.app.FragmentViewLifecycleOwner: void performSave(android.os.Bundle)
androidx.navigation.NavDeepLinkRequest: java.lang.String getAction()
androidx.transition.TransitionUtils$MatrixEvaluator: android.graphics.Matrix evaluate(float,android.graphics.Matrix,android.graphics.Matrix)
androidx.core.graphics.drawable.DrawableKt: void updateBounds$default(android.graphics.drawable.Drawable,int,int,int,int,int,java.lang.Object)
androidx.appcompat.view.SupportActionModeWrapper: void setTitle(java.lang.CharSequence)
androidx.core.content.res.GrowingArrayUtils: int[] append(int[],int,int)