outputs/mapping/release/usage.txt
android.support.v4.app.INotificationSideChannel$Default
android.support.v4.app.INotificationSideChannel$Stub$Proxy:
    public java.lang.String getInterfaceDescriptor()
android.support.v4.os.IResultReceiver$Default
android.support.v4.os.IResultReceiver$Stub$Proxy:
    public static android.support.v4.os.IResultReceiver sDefaultImpl
    public java.lang.String getInterfaceDescriptor()
    public void send(int,android.os.Bundle)
android.support.v4.os.IResultReceiver$Stub:
    private static final java.lang.String DESCRIPTOR
    static final int TRANSACTION_send
    public static android.support.v4.os.IResultReceiver getDefaultImpl()
    public static boolean setDefaultImpl(android.support.v4.os.IResultReceiver)
android.support.v4.os.ResultReceiver:
    public void <init>(android.os.Handler)
    public void send(int,android.os.Bundle)
com.example.retracer8sample.BuildConfig
com.example.retracer8sample.R
com.example.retracer8sample.ui.main.MainFragmentDirections$ActionMainFragmentToSecondFragment:
    public com.example.retracer8sample.ui.main.MainFragmentDirections$ActionMainFragmentToSecondFragment setUser(com.example.retracer8sample.model.User)
com.example.retracer8sample.ui.main.MainFragmentDirections:
    private void <init>()
com.example.retracer8sample.ui.main.SecondFragmentArgs$1
com.example.retracer8sample.ui.main.SecondFragmentArgs$Builder
com.example.retracer8sample.ui.main.SecondFragmentArgs:
    private void <init>(java.util.HashMap)
    synthetic void <init>(java.util.HashMap,com.example.retracer8sample.ui.main.SecondFragmentArgs$1)
    static synthetic java.util.HashMap access$000(com.example.retracer8sample.ui.main.SecondFragmentArgs)
    public static com.example.retracer8sample.ui.main.SecondFragmentArgs fromBundle(android.os.Bundle)
    public static com.example.retracer8sample.ui.main.SecondFragmentArgs fromSavedStateHandle(androidx.lifecycle.SavedStateHandle)
    public android.os.Bundle toBundle()
com.google.android.material.R$anim
com.google.android.material.R$animator:
    public static final int design_appbar_state_list_animator
    public static final int linear_indeterminate_line1_head_interpolator
    public static final int linear_indeterminate_line1_tail_interpolator
    public static final int linear_indeterminate_line2_head_interpolator
    public static final int linear_indeterminate_line2_tail_interpolator
    public static final int mtrl_btn_state_list_anim
    public static final int mtrl_btn_unelevated_state_list_anim
    public static final int mtrl_card_state_list_anim
    public static final int mtrl_chip_state_list_anim
    public static final int mtrl_extended_fab_change_size_collapse_motion_spec
    public static final int mtrl_extended_fab_change_size_expand_motion_spec
    public static final int mtrl_extended_fab_hide_motion_spec
    public static final int mtrl_extended_fab_show_motion_spec
    public static final int mtrl_extended_fab_state_list_animator
    public static final int mtrl_fab_hide_motion_spec
    public static final int mtrl_fab_show_motion_spec
    private void <init>()